app/build/intermediates/manifest_merge_blame_file/debug/processDebugMainManifest/manifest-merger-blame-debug-report.txt
1<?xml version="1.0" encoding="utf-8"?>
2<manifest xmlns:android="http://schemas.android.com/apk/res/android"
3    package="dev.pwaforge"
4    android:versionCode="1"
5    android:versionName="1.0.0" >
6
7    <uses-sdk
8        android:minSdkVersion="23"
9        android:targetSdkVersion="36" />
10
11    <uses-permission android:name="android.permission.INTERNET" />
11-->src/main/AndroidManifest.xml:5:5-67
11-->src/main/AndroidManifest.xml:5:22-64
12    <uses-permission android:name="android.permission.ACCESS_NETWORK_STATE" />
12-->src/main/AndroidManifest.xml:6:5-79
12-->src/main/AndroidManifest.xml:6:22-76
13    <uses-permission android:name="com.android.launcher.permission.INSTALL_SHORTCUT" />
13-->src/main/AndroidManifest.xml:7:5-88
13-->src/main/AndroidManifest.xml:7:22-85
14    <uses-permission
14-->src/main/AndroidManifest.xml:8:5-9:38
15        android:name="android.permission.READ_EXTERNAL_STORAGE"
15-->src/main/AndroidManifest.xml:8:22-77
16        android:maxSdkVersion="32" />
16-->src/main/AndroidManifest.xml:9:9-35
17    <uses-permission android:name="android.permission.READ_MEDIA_IMAGES" />
17-->src/main/AndroidManifest.xml:10:5-76
17-->src/main/AndroidManifest.xml:10:22-73
18
19    <queries>
19-->src/main/AndroidManifest.xml:12:5-21:15
20        <intent>
20-->src/main/AndroidManifest.xml:13:9-17:18
21            <action android:name="android.intent.action.VIEW" />
21-->src/main/AndroidManifest.xml:14:13-65
21-->src/main/AndroidManifest.xml:14:21-62
22
23            <category android:name="android.intent.category.BROWSABLE" />
23-->src/main/AndroidManifest.xml:15:13-74
23-->src/main/AndroidManifest.xml:15:23-71
24
25            <data android:scheme="https" />
25-->src/main/AndroidManifest.xml:16:13-44
25-->src/main/AndroidManifest.xml:16:19-41
26        </intent>
27        <intent>
27-->src/main/AndroidManifest.xml:18:9-20:18
28            <action android:name="com.android.launcher.action.INSTALL_SHORTCUT" />
28-->src/main/AndroidManifest.xml:19:13-83
28-->src/main/AndroidManifest.xml:19:21-80
29        </intent>
30    </queries>
31
32    <permission
32-->[androidx.core:core:1.15.0] AndroidManifest.xml:22:5-24:47
33        android:name="dev.pwaforge.DYNAMIC_RECEIVER_NOT_EXPORTED_PERMISSION"
33-->[androidx.core:core:1.15.0] AndroidManifest.xml:23:9-81
34        android:protectionLevel="signature" />
34-->[androidx.core:core:1.15.0] AndroidManifest.xml:24:9-44
35
36    <uses-permission android:name="dev.pwaforge.DYNAMIC_RECEIVER_NOT_EXPORTED_PERMISSION" />
36-->[androidx.core:core:1.15.0] AndroidManifest.xml:26:5-97
36-->[androidx.core:core:1.15.0] AndroidManifest.xml:26:22-94
37
38    <application
38-->src/main/AndroidManifest.xml:23:5-82:19
39        android:name="dev.pwaforge.PWAForgeApplication"
39-->src/main/AndroidManifest.xml:24:9-44
40        android:allowBackup="true"
40-->src/main/AndroidManifest.xml:25:9-35
41        android:appComponentFactory="androidx.core.app.CoreComponentFactory"
41-->[androidx.core:core:1.15.0] AndroidManifest.xml:28:18-86
42        android:debuggable="true"
43        android:extractNativeLibs="false"
44        android:icon="@mipmap/ic_launcher"
44-->src/main/AndroidManifest.xml:26:9-43
45        android:label="@string/app_name"
45-->src/main/AndroidManifest.xml:27:9-41
46        android:networkSecurityConfig="@xml/network_security_config"
46-->src/main/AndroidManifest.xml:28:9-69
47        android:roundIcon="@mipmap/ic_launcher_round"
47-->src/main/AndroidManifest.xml:29:9-54
48        android:supportsRtl="true"
48-->src/main/AndroidManifest.xml:30:9-35
49        android:theme="@style/Theme.PWAForge"
49-->src/main/AndroidManifest.xml:31:9-46
50        android:usesCleartextTraffic="false" >
50-->src/main/AndroidManifest.xml:32:9-45
51
52        <!-- Main Compose UI -->
53        <activity
53-->src/main/AndroidManifest.xml:36:9-46:20
54            android:name="dev.pwaforge.presentation.MainActivity"
54-->src/main/AndroidManifest.xml:37:13-54
55            android:configChanges="orientation|screenSize|keyboardHidden"
55-->src/main/AndroidManifest.xml:41:13-74
56            android:exported="true"
56-->src/main/AndroidManifest.xml:38:13-36
57            android:launchMode="singleTop"
57-->src/main/AndroidManifest.xml:39:13-43
58            android:windowSoftInputMode="adjustResize" >
58-->src/main/AndroidManifest.xml:40:13-55
59            <intent-filter>
59-->src/main/AndroidManifest.xml:42:13-45:29
60                <action android:name="android.intent.action.MAIN" />
60-->src/main/AndroidManifest.xml:43:17-69
60-->src/main/AndroidManifest.xml:43:25-66
61
62                <category android:name="android.intent.category.LAUNCHER" />
62-->src/main/AndroidManifest.xml:44:17-77
62-->src/main/AndroidManifest.xml:44:27-74
63            </intent-filter>
64        </activity>
65
66        <!-- Full-screen WebView container -->
67        <activity
67-->src/main/AndroidManifest.xml:49:9-55:61
68            android:name="dev.pwaforge.presentation.webview.WebViewActivity"
68-->src/main/AndroidManifest.xml:50:13-65
69            android:configChanges="orientation|screenSize|keyboardHidden|screenLayout"
69-->src/main/AndroidManifest.xml:53:13-87
70            android:exported="false"
70-->src/main/AndroidManifest.xml:51:13-37
71            android:hardwareAccelerated="true"
71-->src/main/AndroidManifest.xml:52:13-47
72            android:theme="@style/Theme.PWAForge.WebView"
72-->src/main/AndroidManifest.xml:55:13-58
73            android:windowSoftInputMode="adjustResize" />
73-->src/main/AndroidManifest.xml:54:13-55
74
75        <!-- Transparent trampoline for home-screen shortcuts -->
76        <activity
76-->src/main/AndroidManifest.xml:58:9-69:20
77            android:name="dev.pwaforge.presentation.shortcut.ShortcutActivity"
77-->src/main/AndroidManifest.xml:59:13-67
78            android:excludeFromRecents="true"
78-->src/main/AndroidManifest.xml:62:13-46
79            android:exported="true"
79-->src/main/AndroidManifest.xml:60:13-36
80            android:noHistory="true"
80-->src/main/AndroidManifest.xml:61:13-37
81            android:taskAffinity=""
81-->src/main/AndroidManifest.xml:63:13-36
82            android:theme="@style/Theme.PWAForge.Transparent" >
82-->src/main/AndroidManifest.xml:64:13-62
83            <intent-filter>
83-->src/main/AndroidManifest.xml:65:13-68:29
84                <action android:name="android.intent.action.VIEW" />
84-->src/main/AndroidManifest.xml:14:13-65
84-->src/main/AndroidManifest.xml:14:21-62
85
86                <category android:name="android.intent.category.DEFAULT" />
86-->src/main/AndroidManifest.xml:67:17-76
86-->src/main/AndroidManifest.xml:67:27-73
87            </intent-filter>
88        </activity>
89
90        <!-- FileProvider for sharing icons -->
91        <provider
92            android:name="androidx.core.content.FileProvider"
92-->src/main/AndroidManifest.xml:73:13-62
93            android:authorities="dev.pwaforge.fileprovider"
93-->src/main/AndroidManifest.xml:74:13-64
94            android:exported="false"
94-->src/main/AndroidManifest.xml:75:13-37
95            android:grantUriPermissions="true" >
95-->src/main/AndroidManifest.xml:76:13-47
96            <meta-data
96-->src/main/AndroidManifest.xml:77:13-79:54
97                android:name="android.support.FILE_PROVIDER_PATHS"
97-->src/main/AndroidManifest.xml:78:17-67
98                android:resource="@xml/file_paths" />
98-->src/main/AndroidManifest.xml:79:17-51
99        </provider>
100
101        <activity
101-->[androidx.compose.ui:ui-test-manifest:1.7.6] AndroidManifest.xml:23:9-25:39
102            android:name="androidx.activity.ComponentActivity"
102-->[androidx.compose.ui:ui-test-manifest:1.7.6] AndroidManifest.xml:24:13-63
103            android:exported="true" />
103-->[androidx.compose.ui:ui-test-manifest:1.7.6] AndroidManifest.xml:25:13-36
104        <activity
104-->[androidx.compose.ui:ui-tooling-android:1.7.6] AndroidManifest.xml:23:9-25:39
105            android:name="androidx.compose.ui.tooling.PreviewActivity"
105-->[androidx.compose.ui:ui-tooling-android:1.7.6] AndroidManifest.xml:24:13-71
106            android:exported="true" />
106-->[androidx.compose.ui:ui-tooling-android:1.7.6] AndroidManifest.xml:25:13-36
107
108        <provider
108-->[androidx.emoji2:emoji2:1.3.0] AndroidManifest.xml:24:9-32:20
109            android:name="androidx.startup.InitializationProvider"
109-->[androidx.emoji2:emoji2:1.3.0] AndroidManifest.xml:25:13-67
110            android:authorities="dev.pwaforge.androidx-startup"
110-->[androidx.emoji2:emoji2:1.3.0] AndroidManifest.xml:26:13-68
111            android:exported="false" >
111-->[androidx.emoji2:emoji2:1.3.0] AndroidManifest.xml:27:13-37
112            <meta-data
112-->[androidx.emoji2:emoji2:1.3.0] AndroidManifest.xml:29:13-31:52
113                android:name="androidx.emoji2.text.EmojiCompatInitializer"
113-->[androidx.emoji2:emoji2:1.3.0] AndroidManifest.xml:30:17-75
114                android:value="androidx.startup" />
114-->[androidx.emoji2:emoji2:1.3.0] AndroidManifest.xml:31:17-49
115            <meta-data
115-->[androidx.lifecycle:lifecycle-process:2.8.7] AndroidManifest.xml:29:13-31:52
116                android:name="androidx.lifecycle.ProcessLifecycleInitializer"
116-->[androidx.lifecycle:lifecycle-process:2.8.7] AndroidManifest.xml:30:17-78
117                android:value="androidx.startup" />
117-->[androidx.lifecycle:lifecycle-process:2.8.7] AndroidManifest.xml:31:17-49
118            <meta-data
118-->[androidx.profileinstaller:profileinstaller:1.3.1] AndroidManifest.xml:29:13-31:52
119                android:name="androidx.profileinstaller.ProfileInstallerInitializer"
119-->[androidx.profileinstaller:profileinstaller:1.3.1] AndroidManifest.xml:30:17-85
120                android:value="androidx.startup" />
120-->[androidx.profileinstaller:profileinstaller:1.3.1] AndroidManifest.xml:31:17-49
121        </provider>
122
123        <service
123-->[androidx.room:room-runtime:2.6.1] AndroidManifest.xml:24:9-28:63
124            android:name="androidx.room.MultiInstanceInvalidationService"
124-->[androidx.room:room-runtime:2.6.1] AndroidManifest.xml:25:13-74
125            android:directBootAware="true"
125-->[androidx.room:room-runtime:2.6.1] AndroidManifest.xml:26:13-43
126            android:exported="false" />
126-->[androidx.room:room-runtime:2.6.1] AndroidManifest.xml:27:13-37
127
128        <receiver
128-->[androidx.profileinstaller:profileinstaller:1.3.1] AndroidManifest.xml:34:9-52:20
129            android:name="androidx.profileinstaller.ProfileInstallReceiver"
129-->[androidx.profileinstaller:profileinstaller:1.3.1] AndroidManifest.xml:35:13-76
130            android:directBootAware="false"
130-->[androidx.profileinstaller:profileinstaller:1.3.1] AndroidManifest.xml:36:13-44
131            android:enabled="true"
131-->[androidx.profileinstaller:profileinstaller:1.3.1] AndroidManifest.xml:37:13-35
132            android:exported="true"
132-->[androidx.profileinstaller:profileinstaller:1.3.1] AndroidManifest.xml:38:13-36
133            android:permission="android.permission.DUMP" >
133-->[androidx.profileinstaller:profileinstaller:1.3.1] AndroidManifest.xml:39:13-57
134            <intent-filter>
134-->[androidx.profileinstaller:profileinstaller:1.3.1] AndroidManifest.xml:40:13-42:29
135                <action android:name="androidx.profileinstaller.action.INSTALL_PROFILE" />
135-->[androidx.profileinstaller:profileinstaller:1.3.1] AndroidManifest.xml:41:17-91
135-->[androidx.profileinstaller:profileinstaller:1.3.1] AndroidManifest.xml:41:25-88
136            </intent-filter>
137            <intent-filter>
137-->[androidx.profileinstaller:profileinstaller:1.3.1] AndroidManifest.xml:43:13-45:29
138                <action android:name="androidx.profileinstaller.action.SKIP_FILE" />
138-->[androidx.profileinstaller:profileinstaller:1.3.1] AndroidManifest.xml:44:17-85
138-->[androidx.profileinstaller:profileinstaller:1.3.1] AndroidManifest.xml:44:25-82
139            </intent-filter>
140            <intent-filter>
140-->[androidx.profileinstaller:profileinstaller:1.3.1] AndroidManifest.xml:46:13-48:29
141                <action android:name="androidx.profileinstaller.action.SAVE_PROFILE" />
141-->[androidx.profileinstaller:profileinstaller:1.3.1] AndroidManifest.xml:47:17-88
141-->[androidx.profileinstaller:profileinstaller:1.3.1] AndroidManifest.xml:47:25-85
142            </intent-filter>
143            <intent-filter>
143-->[androidx.profileinstaller:profileinstaller:1.3.1] AndroidManifest.xml:49:13-51:29
144                <action android:name="androidx.profileinstaller.action.BENCHMARK_OPERATION" />
144-->[androidx.profileinstaller:profileinstaller:1.3.1] AndroidManifest.xml:50:17-95
144-->[androidx.profileinstaller:profileinstaller:1.3.1] AndroidManifest.xml:50:25-92
145            </intent-filter>
146        </receiver>
147    </application>
148
149</manifest>